159755	159881	4160	4034	127	127	100.00	4298181	4160	0.00	3.05	gi|126697566|ref|NC_009089.1|	NODE_1037_length_4160_cov_5.96355
2878759	2879134	4058	3683	376	376	99.73	4298181	4058	0.01	9.27	gi|126697566|ref|NC_009089.1|	NODE_1063_length_4058_cov_10.1323
1865991	1866550	3464	4023	560	560	99.82	4298181	4023	0.01	13.92	gi|126697566|ref|NC_009089.1|	NODE_1069_length_4023_cov_7.91966
121725	121845	3658	3778	121	121	100.00	4298181	3778	0.00	3.20	gi|126697566|ref|NC_009089.1|	NODE_1138_length_3778_cov_4.95782
4126521	4126941	524	104	421	421	99.76	4298181	3677	0.01	11.45	gi|126697566|ref|NC_009089.1|	NODE_1170_length_3677_cov_4.96282
641900	642220	3533	3213	321	321	99.69	4298181	3661	0.01	8.77	gi|126697566|ref|NC_009089.1|	NODE_1173_length_3661_cov_3.57753
3878521	3879871	1	1351	1351	1351	99.85	4298181	3578	0.03	37.76	gi|126697566|ref|NC_009089.1|	NODE_1195_length_3578_cov_6.9887
1461743	1461887	246	102	145	145	97.93	4298181	3469	0.00	4.18	gi|126697566|ref|NC_009089.1|	NODE_1228_length_3469_cov_5.01735
2705130	2705634	3259	2755	505	505	99.21	4298181	3259	0.01	15.50	gi|126697566|ref|NC_009089.1|	NODE_1301_length_3259_cov_3.48595
3912426	3912533	3171	3064	108	108	100.00	4298181	3171	0.00	3.41	gi|126697566|ref|NC_009089.1|	NODE_1328_length_3171_cov_7.97043
759388	759515	128	1	128	128	99.22	4298181	2768	0.00	4.62	gi|126697566|ref|NC_009089.1|	NODE_1494_length_2768_cov_5.87505
1158760	1159119	87805	87446	360	360	100.00	4298181	87805	0.01	0.41	gi|126697566|ref|NC_009089.1|	NODE_14_length_87805_cov_36.338
3757025	3757184	288	129	160	160	98.75	4298181	2743	0.00	5.83	gi|126697566|ref|NC_009089.1|	NODE_1511_length_2743_cov_7.75956
474371	474459	217	129	89	89	98.88	4298181	2717	0.00	3.28	gi|126697566|ref|NC_009089.1|	NODE_1520_length_2717_cov_4.06988
3726365	3726501	137	1	137	137	100.00	4298181	2688	0.00	5.10	gi|126697566|ref|NC_009089.1|	NODE_1533_length_2688_cov_5.53182
1485550	1485758	21682	21474	209	209	100.00	4298181	21682	0.00	0.96	gi|126697566|ref|NC_009089.1|	NODE_167_length_21682_cov_35.4135
921192	921539	21496	21149	348	348	99.71	4298181	21682	0.01	1.61	gi|126697566|ref|NC_009089.1|	NODE_167_length_21682_cov_35.4135
4167439	4167609	2255	2085	171	171	100.00	4298181	2255	0.00	7.58	gi|126697566|ref|NC_009089.1|	NODE_1782_length_2255_cov_4.37312
621894	622534	1	641	641	641	99.84	4298181	2163	0.01	29.63	gi|126697566|ref|NC_009089.1|	NODE_1847_length_2163_cov_5.25491
87400	87929	530	1	530	530	99.81	4298181	2115	0.01	25.06	gi|126697566|ref|NC_009089.1|	NODE_1882_length_2115_cov_2.94769
3387500	3388034	535	1	535	535	97.94	4298181	2000	0.01	26.75	gi|126697566|ref|NC_009089.1|	NODE_1979_length_2000_cov_4.11799
3274497	3275060	1	564	564	564	99.82	4298181	1970	0.01	28.63	gi|126697566|ref|NC_009089.1|	NODE_2010_length_1970_cov_6.57678
2611553	2612013	1	458	461	458	98.70	4298181	1883	0.01	24.32	gi|126697566|ref|NC_009089.1|	NODE_2089_length_1883_cov_4.24658
4099450	4099840	1	391	391	391	99.49	4298181	18842	0.01	2.08	gi|126697566|ref|NC_009089.1|	NODE_208_length_18842_cov_50.5481
898358	898526	169	1	169	169	100.00	4298181	1834	0.00	9.21	gi|126697566|ref|NC_009089.1|	NODE_2137_length_1834_cov_3.71763
146911	147037	1707	1833	127	127	100.00	4298181	1833	0.00	6.93	gi|126697566|ref|NC_009089.1|	NODE_2138_length_1833_cov_8.27843
2460961	2461032	1751	1822	72	72	100.00	4298181	1822	0.00	3.95	gi|126697566|ref|NC_009089.1|	NODE_2144_length_1822_cov_5.97227
2415000	2415516	517	1	517	517	100.00	4298181	1796	0.01	28.79	gi|126697566|ref|NC_009089.1|	NODE_2169_length_1796_cov_4.62253
3835200	3835577	1732	1356	378	377	99.47	4298181	1732	0.01	21.77	gi|126697566|ref|NC_009089.1|	NODE_2228_length_1732_cov_13.8467
1979023	1979510	17352	16865	488	488	100.00	4298181	17352	0.01	2.81	gi|126697566|ref|NC_009089.1|	NODE_228_length_17352_cov_46.3758
858834	858938	1544	1648	105	105	100.00	4298181	1648	0.00	6.37	gi|126697566|ref|NC_009089.1|	NODE_2331_length_1648_cov_4.79421
1276152	1276449	1226	1523	298	298	100.00	4298181	1523	0.01	19.57	gi|126697566|ref|NC_009089.1|	NODE_2486_length_1523_cov_3.20487
919008	919335	328	1	328	328	100.00	4298181	1453	0.01	22.57	gi|126697566|ref|NC_009089.1|	NODE_2587_length_1453_cov_2.45551
1117983	1118228	1421	1177	246	245	91.94	4298181	1421	0.01	17.24	gi|126697566|ref|NC_009089.1|	NODE_2641_length_1421_cov_1.77125
2894697	2895112	417	1	416	417	99.28	4298181	1387	0.01	30.06	gi|126697566|ref|NC_009089.1|	NODE_2691_length_1387_cov_2.64524
1556249	1556567	447	129	319	319	100.00	4298181	15322	0.01	2.08	gi|126697566|ref|NC_009089.1|	NODE_272_length_15322_cov_9.20928
135901	136027	1	127	127	127	100.00	4298181	1348	0.00	9.42	gi|126697566|ref|NC_009089.1|	NODE_2739_length_1348_cov_6.91646
2665330	2665410	1331	1251	81	81	100.00	4298181	1331	0.00	6.09	gi|126697566|ref|NC_009089.1|	NODE_2765_length_1331_cov_2.59468
525112	525231	73	192	120	120	100.00	4298181	1124	0.00	10.68	gi|126697566|ref|NC_009089.1|	NODE_3111_length_1124_cov_5.87663
2593490	2593587	98	1	98	98	100.00	4298181	939	0.00	10.44	gi|126697566|ref|NC_009089.1|	NODE_3559_length_939_cov_3.03202
3913556	3913693	765	902	138	138	95.65	4298181	902	0.00	15.30	gi|126697566|ref|NC_009089.1|	NODE_3664_length_902_cov_1.40258
4160353	4160444	1	92	92	92	100.00	4298181	863	0.00	10.66	gi|126697566|ref|NC_009089.1|	NODE_3782_length_863_cov_5.05707
3858681	3858910	10759	10530	230	230	100.00	4298181	10887	0.01	2.11	gi|126697566|ref|NC_009089.1|	NODE_397_length_10887_cov_11.037
4104397	4104949	10551	9999	553	553	99.82	4298181	10887	0.01	5.08	gi|126697566|ref|NC_009089.1|	NODE_397_length_10887_cov_11.037
2952258	2952373	1	116	116	116	100.00	4298181	51168	0.00	0.23	gi|126697566|ref|NC_009089.1|	NODE_42_length_51168_cov_45.3456
3420087	3420220	482	349	134	134	92.54	4298181	604	0.00	22.19	gi|126697566|ref|NC_009089.1|	NODE_4935_length_604_cov_2.79874
350292	350389	475	572	98	98	100.00	4298181	572	0.00	17.13	gi|126697566|ref|NC_009089.1|	NODE_5169_length_572_cov_3.3236
1623813	1623965	8307	8459	153	153	98.69	4298181	8459	0.00	1.81	gi|126697566|ref|NC_009089.1|	NODE_529_length_8459_cov_44.6171
1783737	1783933	198	2	197	197	100.00	4298181	537	0.00	36.69	gi|126697566|ref|NC_009089.1|	NODE_5481_length_537_cov_1.47805
1645072	1645224	3	155	153	153	99.35	4298181	534	0.00	28.65	gi|126697566|ref|NC_009089.1|	NODE_5504_length_534_cov_1.6855
2913696	2914064	5277	4909	369	369	100.00	4298181	5277	0.01	6.99	gi|126697566|ref|NC_009089.1|	NODE_824_length_5277_cov_7.20058
200879	201046	168	1	168	168	100.00	4298181	5070	0.00	3.31	gi|126697566|ref|NC_009089.1|	NODE_851_length_5070_cov_5.32187
1296762	1296910	21311	21163	149	149	90.00	4298181	33815	0.00	0.44	gi|126697566|ref|NC_009089.1|	NODE_91_length_33815_cov_93.4375
3309299	3309566	4586	4319	268	268	100.00	4298181	4709	0.01	5.69	gi|126697566|ref|NC_009089.1|	NODE_926_length_4709_cov_5.44828
3731906	3732007	4365	4264	102	102	100.00	4298181	4493	0.00	2.27	gi|126697566|ref|NC_009089.1|	NODE_968_length_4493_cov_4.25309
